<?xml version="1.0" encoding="UTF-8"?>
<!-- Generated by org.testng.reporters.JUnitXMLReporter -->
<testsuite ignored="0" hostname="LenovoAsus" failures="0" tests="6" name="Default test" time="0.085" errors="0" timestamp="2024-11-17T22:07:11 WIB">
  <testcase classname="Ujian.ATMTest" name="testLihatSaldo" time="0.009"/>
  <testcase classname="Ujian.ATMTest" name="testSetorUang" time="0.002"/>
  <testcase classname="Ujian.ATMTest" name="testSetorUangNegatif" time="0.002"/>
  <testcase classname="Ujian.ATMTest" name="testTarikUang" time="0.002"/>
  <testcase classname="Ujian.ATMTest" name="testTarikUangLebihDariSaldo" time="0.002"/>
  <testcase classname="Ujian.ATMTest" name="testTarikUangNegatif" time="0.003"/>
</testsuite> <!-- Default test -->
