<?xml version="1.0" encoding="UTF-8"?>
<testng-results ignored="0" total="6" passed="6" failed="0" skipped="0">
  <reporter-output>
  </reporter-output>
  <suite started-at="2024-11-17T22:07:10 WIB" name="Default suite" finished-at="2024-11-17T22:07:11 WIB" duration-ms="85">
    <groups>
    </groups>
    <test started-at="2024-11-17T22:07:10 WIB" name="Default test" finished-at="2024-11-17T22:07:11 WIB" duration-ms="85">
      <class name="Ujian.ATMTest">
        <test-method is-config="true" signature="setSaldoAwal()[pri:0, instance:Ujian.ATMTest@2473d930]" started-at="2024-11-17T22:07:10 WIB" name="setSaldoAwal" finished-at="2024-11-17T22:07:10 WIB" duration-ms="4" status="PASS">
          <reporter-output>
          </reporter-output>
        </test-method> <!-- setSaldoAwal -->
        <test-method signature="testLihatSaldo()[pri:0, instance:Ujian.ATMTest@2473d930]" started-at="2024-11-17T22:07:10 WIB" name="testLihatSaldo" finished-at="2024-11-17T22:07:10 WIB" duration-ms="9" status="PASS">
          <reporter-output>
          </reporter-output>
        </test-method> <!-- testLihatSaldo -->
        <test-method is-config="true" signature="setSaldoAwal()[pri:0, instance:Ujian.ATMTest@2473d930]" started-at="2024-11-17T22:07:11 WIB" name="setSaldoAwal" finished-at="2024-11-17T22:07:11 WIB" duration-ms="1" status="PASS">
          <reporter-output>
          </reporter-output>
        </test-method> <!-- setSaldoAwal -->
        <test-method signature="testSetorUang()[pri:0, instance:Ujian.ATMTest@2473d930]" started-at="2024-11-17T22:07:11 WIB" name="testSetorUang" finished-at="2024-11-17T22:07:11 WIB" duration-ms="2" status="PASS">
          <reporter-output>
          </reporter-output>
        </test-method> <!-- testSetorUang -->
        <test-method is-config="true" signature="setSaldoAwal()[pri:0, instance:Ujian.ATMTest@2473d930]" started-at="2024-11-17T22:07:11 WIB" name="setSaldoAwal" finished-at="2024-11-17T22:07:11 WIB" duration-ms="0" status="PASS">
          <reporter-output>
          </reporter-output>
        </test-method> <!-- setSaldoAwal -->
        <test-method signature="testSetorUangNegatif()[pri:0, instance:Ujian.ATMTest@2473d930]" started-at="2024-11-17T22:07:11 WIB" name="testSetorUangNegatif" finished-at="2024-11-17T22:07:11 WIB" duration-ms="2" status="PASS">
          <reporter-output>
          </reporter-output>
        </test-method> <!-- testSetorUangNegatif -->
        <test-method is-config="true" signature="setSaldoAwal()[pri:0, instance:Ujian.ATMTest@2473d930]" started-at="2024-11-17T22:07:11 WIB" name="setSaldoAwal" finished-at="2024-11-17T22:07:11 WIB" duration-ms="0" status="PASS">
          <reporter-output>
          </reporter-output>
        </test-method> <!-- setSaldoAwal -->
        <test-method signature="testTarikUang()[pri:0, instance:Ujian.ATMTest@2473d930]" started-at="2024-11-17T22:07:11 WIB" name="testTarikUang" finished-at="2024-11-17T22:07:11 WIB" duration-ms="2" status="PASS">
          <reporter-output>
          </reporter-output>
        </test-method> <!-- testTarikUang -->
        <test-method signature="testTarikUangLebihDariSaldo()[pri:0, instance:Ujian.ATMTest@2473d930]" started-at="2024-11-17T22:07:11 WIB" name="testTarikUangLebihDariSaldo" finished-at="2024-11-17T22:07:11 WIB" duration-ms="2" status="PASS">
          <reporter-output>
          </reporter-output>
        </test-method> <!-- testTarikUangLebihDariSaldo -->
        <test-method is-config="true" signature="setSaldoAwal()[pri:0, instance:Ujian.ATMTest@2473d930]" started-at="2024-11-17T22:07:11 WIB" name="setSaldoAwal" finished-at="2024-11-17T22:07:11 WIB" duration-ms="0" status="PASS">
          <reporter-output>
          </reporter-output>
        </test-method> <!-- setSaldoAwal -->
        <test-method signature="testTarikUangNegatif()[pri:0, instance:Ujian.ATMTest@2473d930]" started-at="2024-11-17T22:07:11 WIB" name="testTarikUangNegatif" finished-at="2024-11-17T22:07:11 WIB" duration-ms="3" status="PASS">
          <reporter-output>
          </reporter-output>
        </test-method> <!-- testTarikUangNegatif -->
        <test-method is-config="true" signature="setSaldoAwal()[pri:0, instance:Ujian.ATMTest@2473d930]" started-at="2024-11-17T22:07:11 WIB" name="setSaldoAwal" finished-at="2024-11-17T22:07:11 WIB" duration-ms="0" status="PASS">
          <reporter-output>
          </reporter-output>
        </test-method> <!-- setSaldoAwal -->
      </class> <!-- Ujian.ATMTest -->
    </test> <!-- Default test -->
  </suite> <!-- Default suite -->
</testng-results>
